[debug] [2019-08-17T07:57:45.580Z] ----------------------------------------------------------------------
[debug] [2019-08-17T07:57:45.584Z] Command:       /usr/local/bin/node /usr/local/bin/firebase deploy
[debug] [2019-08-17T07:57:45.584Z] CLI Version:   7.2.2
[debug] [2019-08-17T07:57:45.584Z] Platform:      darwin
[debug] [2019-08-17T07:57:45.584Z] Node Version:  v10.16.0
[debug] [2019-08-17T07:57:45.585Z] Time:          Sat Aug 17 2019 13:27:45 GMT+0530 (India Standard Time)
[debug] [2019-08-17T07:57:45.585Z] ----------------------------------------------------------------------
[debug] 
[debug] [2019-08-17T07:57:45.605Z] > command requires scopes: ["email","openid","https://www.googleapis.com/auth/cloudplatformprojects.readonly","https://www.googleapis.com/auth/firebase","https://www.googleapis.com/auth/cloud-platform"]
[debug] [2019-08-17T07:57:45.606Z] > authorizing via signed-in user
[debug] [2019-08-17T07:57:45.606Z] [iam] checking project deckup-cms for permissions ["cloudfunctions.functions.create","cloudfunctions.functions.delete","cloudfunctions.functions.get","cloudfunctions.functions.list","cloudfunctions.functions.update","cloudfunctions.operations.get","firebase.projects.get","firebasehosting.sites.update"]
[debug] [2019-08-17T07:57:45.609Z] >>> HTTP REQUEST POST https://cloudresourcemanager.googleapis.com/v1/projects/deckup-cms:testIamPermissions  

[debug] [2019-08-17T07:57:55.584Z] <<< HTTP RESPONSE 200
[debug] [2019-08-17T07:57:55.589Z] >>> HTTP REQUEST GET https://firebase.googleapis.com/v1beta1/projects/deckup-cms  
 
[debug] [2019-08-17T07:58:00.206Z] <<< HTTP RESPONSE 200
[info] 
[info] === Deploying to 'deckup-cms'...
[info] 
[info] i  deploying functions, hosting
[info] Running command: npm --prefix "$RESOURCE_DIR" run lint
[info] ✔  functions: Finished running predeploy script.
[debug] [2019-08-17T07:58:14.507Z] > [functions] package.json contents: {
  "name": "functions",
  "description": "Cloud Functions for Firebase",
  "scripts": {
    "lint": "eslint .",
    "serve": "firebase serve --only functions",
    "shell": "firebase functions:shell",
    "start": "npm run shell",
    "deploy": "firebase deploy --only functions",
    "logs": "firebase functions:log"
  },
  "engines": {
    "node": "8"
  },
  "dependencies": {
    "firebase-admin": "^8.0.0",
    "firebase-functions": "^3.1.0"
  },
  "devDependencies": {
    "eslint": "^5.12.0",
    "eslint-plugin-promise": "^4.0.1",
    "firebase-functions-test": "^0.1.6"
  },
  "private": true
}
[info] i  functions: ensuring necessary APIs are enabled...
[debug] [2019-08-17T07:58:14.508Z] >>> HTTP REQUEST GET https://serviceusage.googleapis.com/v1/projects/deckup-cms/services/cloudfunctions.googleapis.com  
 
[debug] [2019-08-17T07:58:14.509Z] >>> HTTP REQUEST GET https://serviceusage.googleapis.com/v1/projects/deckup-cms/services/runtimeconfig.googleapis.com  
 
[debug] [2019-08-17T07:58:20.088Z] <<< HTTP RESPONSE 200
[debug] [2019-08-17T07:58:21.021Z] <<< HTTP RESPONSE 200
[info] ✔  functions: all necessary APIs are enabled
[debug] [2019-08-17T07:58:21.023Z] >>> HTTP REQUEST GET https://firebase.googleapis.com/v1beta1/projects/deckup-cms/adminSdkConfig  
 
[debug] [2019-08-17T07:58:25.291Z] <<< HTTP RESPONSE 200
[debug] [2019-08-17T07:58:25.294Z] >>> HTTP REQUEST POST https://firebasehosting.googleapis.com/v1beta1/sites/deckup-cms/versions  

[debug] [2019-08-17T07:58:35.555Z] <<< HTTP RESPONSE 200
[info] i  functions: preparing functions directory for uploading...
[debug] [2019-08-17T07:58:35.563Z] >>> HTTP REQUEST GET https://runtimeconfig.googleapis.com/v1beta1/projects/deckup-cms/configs  
 
[debug] [2019-08-17T07:58:43.742Z] <<< HTTP RESPONSE 200
[info] i  hosting[deckup-cms]: beginning deploy...
[info] i  hosting[deckup-cms]: found 14 files in build
[debug] [2019-08-17T07:58:44.028Z] [hosting] hash cache [YnVpbGQ] not populated
[debug] [2019-08-17T07:58:44.452Z] [hosting] hash cache [YnVpbGQ] stored for 14 files
[debug] [2019-08-17T07:58:44.452Z] [hosting][hash queue][FINAL]
[debug] [2019-08-17T07:58:44.453Z] >>> HTTP REQUEST POST https://firebasehosting.googleapis.com/v1beta1/sites/deckup-cms/versions/939a879cf009f456:populateFiles  
 <request body omitted>
[debug] [2019-08-17T07:58:50.025Z] <<< HTTP RESPONSE 200
[debug] [2019-08-17T07:58:50.038Z] [hosting][populate queue][FINAL]
[debug] [2019-08-17T07:58:50.038Z] [hosting] uploads queued: 6
